2024-04-27 13:35:49,527 INFO    StreamThr :29949 [internal.py:wandb_internal():86] W&B internal server running at pid: 29949, started at: 2024-04-27 13:35:49.520110
2024-04-27 13:35:49,528 DEBUG   HandlerThread:29949 [handler.py:handle_request():146] handle_request: status
2024-04-27 13:35:49,534 INFO    WriterThread:29949 [datastore.py:open_for_write():87] open: /Users/jasonokoro/Desktop/proyectos/nerf/wandb/run-20240427_133540-59w8akx2/run-59w8akx2.wandb
2024-04-27 13:35:49,537 DEBUG   SenderThread:29949 [sender.py:send():379] send: header
2024-04-27 13:35:49,537 DEBUG   SenderThread:29949 [sender.py:send():379] send: run
2024-04-27 13:35:49,874 INFO    SenderThread:29949 [dir_watcher.py:__init__():211] watching files in: /Users/jasonokoro/Desktop/proyectos/nerf/wandb/run-20240427_133540-59w8akx2/files
2024-04-27 13:35:49,874 INFO    SenderThread:29949 [sender.py:_start_run_threads():1124] run started: 59w8akx2 with start time 1714250149.215729
2024-04-27 13:35:49,929 DEBUG   HandlerThread:29949 [handler.py:handle_request():146] handle_request: check_version
2024-04-27 13:35:49,931 DEBUG   SenderThread:29949 [sender.py:send_request():406] send_request: check_version
2024-04-27 13:35:50,226 DEBUG   HandlerThread:29949 [handler.py:handle_request():146] handle_request: run_start
2024-04-27 13:35:50,236 DEBUG   HandlerThread:29949 [system_info.py:__init__():26] System info init
2024-04-27 13:35:50,236 DEBUG   HandlerThread:29949 [system_info.py:__init__():41] System info init done
2024-04-27 13:35:50,237 INFO    HandlerThread:29949 [system_monitor.py:start():194] Starting system monitor
2024-04-27 13:35:50,237 INFO    SystemMonitor:29949 [system_monitor.py:_start():158] Starting system asset monitoring threads
2024-04-27 13:35:50,237 INFO    HandlerThread:29949 [system_monitor.py:probe():214] Collecting system info
2024-04-27 13:35:50,238 INFO    SystemMonitor:29949 [interfaces.py:start():190] Started cpu monitoring
2024-04-27 13:35:50,239 DEBUG   HandlerThread:29949 [system_info.py:probe():150] Probing system
2024-04-27 13:35:50,242 INFO    SystemMonitor:29949 [interfaces.py:start():190] Started disk monitoring
2024-04-27 13:35:50,252 INFO    SystemMonitor:29949 [interfaces.py:start():190] Started memory monitoring
2024-04-27 13:35:50,253 INFO    SystemMonitor:29949 [interfaces.py:start():190] Started network monitoring
2024-04-27 13:35:50,265 DEBUG   HandlerThread:29949 [system_info.py:_probe_git():135] Probing git
2024-04-27 13:35:50,399 DEBUG   HandlerThread:29949 [system_info.py:_probe_git():143] Probing git done
2024-04-27 13:35:50,399 DEBUG   HandlerThread:29949 [system_info.py:probe():198] Probing system done
2024-04-27 13:35:50,400 DEBUG   HandlerThread:29949 [system_monitor.py:probe():223] {'os': 'macOS-10.16-x86_64-i386-64bit', 'python': '3.12.2', 'heartbeatAt': '2024-04-27T20:35:50.242120', 'startedAt': '2024-04-27T20:35:40.428551', 'docker': None, 'cuda': None, 'args': (), 'state': 'running', 'program': 'nerf.ipynb', 'codePathLocal': 'nerf.ipynb', 'git': {'remote': 'https://github.com/jokoro/nerf.git', 'commit': 'b3ff954f6178cc17feebff7e2025b3a05bd3e808'}, 'email': 'jay.okoro@gmail.com', 'root': '/Users/jasonokoro/Desktop/proyectos/nerf', 'host': 'Jasons-MacBook-Pro-89.local', 'username': 'jasonokoro', 'executable': '/Users/jasonokoro/miniconda3/envs/nerf-env/bin/python', 'cpu_count': 2, 'cpu_count_logical': 4, 'cpu_freq': {'current': 1600, 'min': 1600, 'max': 1600}, 'cpu_freq_per_core': [{'current': 1600, 'min': 1600, 'max': 1600}], 'disk': {'/': {'total': 465.62699127197266, 'used': 366.6367530822754}}, 'memory': {'total': 16.0}}
2024-04-27 13:35:50,401 INFO    HandlerThread:29949 [system_monitor.py:probe():224] Finished collecting system info
2024-04-27 13:35:50,401 INFO    HandlerThread:29949 [system_monitor.py:probe():227] Publishing system info
2024-04-27 13:35:50,401 DEBUG   HandlerThread:29949 [system_info.py:_save_conda():207] Saving list of conda packages installed into the current environment
2024-04-27 13:35:50,883 INFO    Thread-50 :29949 [dir_watcher.py:_on_file_created():271] file/dir created: /Users/jasonokoro/Desktop/proyectos/nerf/wandb/run-20240427_133540-59w8akx2/files/conda-environment.yaml
2024-04-27 13:36:02,553 DEBUG   HandlerThread:29949 [system_info.py:_save_conda():222] Saving conda packages done
2024-04-27 13:36:02,556 INFO    HandlerThread:29949 [system_monitor.py:probe():229] Finished publishing system info
2024-04-27 13:36:02,557 DEBUG   HandlerThread:29949 [handler.py:handle_request():146] handle_request: status_report
2024-04-27 13:36:02,557 DEBUG   HandlerThread:29949 [handler.py:handle_request():146] handle_request: keepalive
2024-04-27 13:36:02,557 DEBUG   HandlerThread:29949 [handler.py:handle_request():146] handle_request: status_report
2024-04-27 13:36:02,557 DEBUG   HandlerThread:29949 [handler.py:handle_request():146] handle_request: keepalive
2024-04-27 13:36:02,558 DEBUG   SenderThread:29949 [sender.py:send():379] send: files
2024-04-27 13:36:02,558 INFO    SenderThread:29949 [sender.py:_save_file():1390] saving file wandb-metadata.json with policy now
2024-04-27 13:36:02,923 INFO    Thread-50 :29949 [dir_watcher.py:_on_file_modified():288] file/dir modified: /Users/jasonokoro/Desktop/proyectos/nerf/wandb/run-20240427_133540-59w8akx2/files/conda-environment.yaml
2024-04-27 13:36:02,923 INFO    Thread-50 :29949 [dir_watcher.py:_on_file_created():271] file/dir created: /Users/jasonokoro/Desktop/proyectos/nerf/wandb/run-20240427_133540-59w8akx2/files/wandb-metadata.json
2024-04-27 13:36:03,056 DEBUG   HandlerThread:29949 [handler.py:handle_request():146] handle_request: python_packages
2024-04-27 13:36:03,059 DEBUG   SenderThread:29949 [sender.py:send_request():406] send_request: python_packages
2024-04-27 13:36:03,060 DEBUG   HandlerThread:29949 [handler.py:handle_request():146] handle_request: stop_status
2024-04-27 13:36:03,062 DEBUG   SenderThread:29949 [sender.py:send_request():406] send_request: stop_status
2024-04-27 13:36:03,065 DEBUG   HandlerThread:29949 [handler.py:handle_request():146] handle_request: internal_messages
2024-04-27 13:36:03,929 INFO    Thread-50 :29949 [dir_watcher.py:_on_file_created():271] file/dir created: /Users/jasonokoro/Desktop/proyectos/nerf/wandb/run-20240427_133540-59w8akx2/files/requirements.txt
2024-04-27 13:36:08,083 DEBUG   HandlerThread:29949 [handler.py:handle_request():146] handle_request: keepalive
2024-04-27 13:36:13,151 DEBUG   HandlerThread:29949 [handler.py:handle_request():146] handle_request: keepalive
2024-04-27 13:36:18,068 DEBUG   HandlerThread:29949 [handler.py:handle_request():146] handle_request: internal_messages
2024-04-27 13:36:23,230 DEBUG   HandlerThread:29949 [handler.py:handle_request():146] handle_request: keepalive
2024-04-27 13:36:28,248 DEBUG   HandlerThread:29949 [handler.py:handle_request():146] handle_request: keepalive
2024-04-27 13:36:33,096 DEBUG   HandlerThread:29949 [handler.py:handle_request():146] handle_request: internal_messages
2024-04-27 13:36:38,288 DEBUG   HandlerThread:29949 [handler.py:handle_request():146] handle_request: keepalive
2024-04-27 13:36:43,303 DEBUG   HandlerThread:29949 [handler.py:handle_request():146] handle_request: keepalive
2024-04-27 13:36:43,881 INFO    wandb-upload_0:29949 [retry.py:__call__():172] Retry attempt failed:
Traceback (most recent call last):
  File "/Users/jasonokoro/miniconda3/envs/nerf-env/lib/python3.12/site-packages/urllib3/connectionpool.py", line 537, in _make_request
    response = conn.getresponse()
               ^^^^^^^^^^^^^^^^^^
  File "/Users/jasonokoro/miniconda3/envs/nerf-env/lib/python3.12/site-packages/urllib3/connection.py", line 466, in getresponse
    httplib_response = super().getresponse()
                       ^^^^^^^^^^^^^^^^^^^^^
  File "/Users/jasonokoro/miniconda3/envs/nerf-env/lib/python3.12/http/client.py", line 1423, in getresponse
    response.begin()
  File "/Users/jasonokoro/miniconda3/envs/nerf-env/lib/python3.12/http/client.py", line 331, in begin
    version, status, reason = self._read_status()
                              ^^^^^^^^^^^^^^^^^^^
  File "/Users/jasonokoro/miniconda3/envs/nerf-env/lib/python3.12/http/client.py", line 292, in _read_status
    line = str(self.fp.readline(_MAXLINE + 1), "iso-8859-1")
               ^^^^^^^^^^^^^^^^^^^^^^^^^^^^^^
  File "/Users/jasonokoro/miniconda3/envs/nerf-env/lib/python3.12/socket.py", line 707, in readinto
    return self._sock.recv_into(b)
           ^^^^^^^^^^^^^^^^^^^^^^^
  File "/Users/jasonokoro/miniconda3/envs/nerf-env/lib/python3.12/ssl.py", line 1252, in recv_into
    return self.read(nbytes, buffer)
           ^^^^^^^^^^^^^^^^^^^^^^^^^
  File "/Users/jasonokoro/miniconda3/envs/nerf-env/lib/python3.12/ssl.py", line 1104, in read
    return self._sslobj.read(len, buffer)
           ^^^^^^^^^^^^^^^^^^^^^^^^^^^^^^
TimeoutError: The read operation timed out

The above exception was the direct cause of the following exception:

Traceback (most recent call last):
  File "/Users/jasonokoro/miniconda3/envs/nerf-env/lib/python3.12/site-packages/requests/adapters.py", line 486, in send
    resp = conn.urlopen(
           ^^^^^^^^^^^^^
  File "/Users/jasonokoro/miniconda3/envs/nerf-env/lib/python3.12/site-packages/urllib3/connectionpool.py", line 847, in urlopen
    retries = retries.increment(
              ^^^^^^^^^^^^^^^^^^
  File "/Users/jasonokoro/miniconda3/envs/nerf-env/lib/python3.12/site-packages/urllib3/util/retry.py", line 470, in increment
    raise reraise(type(error), error, _stacktrace)
          ^^^^^^^^^^^^^^^^^^^^^^^^^^^^^^^^^^^^^^^^
  File "/Users/jasonokoro/miniconda3/envs/nerf-env/lib/python3.12/site-packages/urllib3/util/util.py", line 39, in reraise
    raise value
  File "/Users/jasonokoro/miniconda3/envs/nerf-env/lib/python3.12/site-packages/urllib3/connectionpool.py", line 793, in urlopen
    response = self._make_request(
               ^^^^^^^^^^^^^^^^^^^
  File "/Users/jasonokoro/miniconda3/envs/nerf-env/lib/python3.12/site-packages/urllib3/connectionpool.py", line 539, in _make_request
    self._raise_timeout(err=e, url=url, timeout_value=read_timeout)
  File "/Users/jasonokoro/miniconda3/envs/nerf-env/lib/python3.12/site-packages/urllib3/connectionpool.py", line 370, in _raise_timeout
    raise ReadTimeoutError(
urllib3.exceptions.ReadTimeoutError: HTTPSConnectionPool(host='api.wandb.ai', port=443): Read timed out. (read timeout=20)

During handling of the above exception, another exception occurred:

Traceback (most recent call last):
  File "/Users/jasonokoro/miniconda3/envs/nerf-env/lib/python3.12/site-packages/wandb/sdk/lib/retry.py", line 131, in __call__
    result = self._call_fn(*args, **kwargs)
             ^^^^^^^^^^^^^^^^^^^^^^^^^^^^^^
  File "/Users/jasonokoro/miniconda3/envs/nerf-env/lib/python3.12/site-packages/wandb/sdk/internal/internal_api.py", line 369, in execute
    return self.client.execute(*args, **kwargs)  # type: ignore
           ^^^^^^^^^^^^^^^^^^^^^^^^^^^^^^^^^^^^
  File "/Users/jasonokoro/miniconda3/envs/nerf-env/lib/python3.12/site-packages/wandb/vendor/gql-0.2.0/wandb_gql/client.py", line 52, in execute
    result = self._get_result(document, *args, **kwargs)
             ^^^^^^^^^^^^^^^^^^^^^^^^^^^^^^^^^^^^^^^^^^^
  File "/Users/jasonokoro/miniconda3/envs/nerf-env/lib/python3.12/site-packages/wandb/vendor/gql-0.2.0/wandb_gql/client.py", line 60, in _get_result
    return self.transport.execute(document, *args, **kwargs)
           ^^^^^^^^^^^^^^^^^^^^^^^^^^^^^^^^^^^^^^^^^^^^^^^^^
  File "/Users/jasonokoro/miniconda3/envs/nerf-env/lib/python3.12/site-packages/wandb/sdk/lib/gql_request.py", line 58, in execute
    request = self.session.post(self.url, **post_args)
              ^^^^^^^^^^^^^^^^^^^^^^^^^^^^^^^^^^^^^^^^
  File "/Users/jasonokoro/miniconda3/envs/nerf-env/lib/python3.12/site-packages/requests/sessions.py", line 637, in post
    return self.request("POST", url, data=data, json=json, **kwargs)
           ^^^^^^^^^^^^^^^^^^^^^^^^^^^^^^^^^^^^^^^^^^^^^^^^^^^^^^^^^
  File "/Users/jasonokoro/miniconda3/envs/nerf-env/lib/python3.12/site-packages/requests/sessions.py", line 589, in request
    resp = self.send(prep, **send_kwargs)
           ^^^^^^^^^^^^^^^^^^^^^^^^^^^^^^
  File "/Users/jasonokoro/miniconda3/envs/nerf-env/lib/python3.12/site-packages/requests/sessions.py", line 703, in send
    r = adapter.send(request, **kwargs)
        ^^^^^^^^^^^^^^^^^^^^^^^^^^^^^^^
  File "/Users/jasonokoro/miniconda3/envs/nerf-env/lib/python3.12/site-packages/requests/adapters.py", line 532, in send
    raise ReadTimeout(e, request=request)
requests.exceptions.ReadTimeout: HTTPSConnectionPool(host='api.wandb.ai', port=443): Read timed out. (read timeout=20)
2024-04-27 13:36:44,664 INFO    SenderThread:29949 [retry.py:__call__():172] Retry attempt failed:
Traceback (most recent call last):
  File "/Users/jasonokoro/miniconda3/envs/nerf-env/lib/python3.12/site-packages/urllib3/connectionpool.py", line 537, in _make_request
    response = conn.getresponse()
               ^^^^^^^^^^^^^^^^^^
  File "/Users/jasonokoro/miniconda3/envs/nerf-env/lib/python3.12/site-packages/urllib3/connection.py", line 466, in getresponse
    httplib_response = super().getresponse()
                       ^^^^^^^^^^^^^^^^^^^^^
  File "/Users/jasonokoro/miniconda3/envs/nerf-env/lib/python3.12/http/client.py", line 1423, in getresponse
    response.begin()
  File "/Users/jasonokoro/miniconda3/envs/nerf-env/lib/python3.12/http/client.py", line 331, in begin
    version, status, reason = self._read_status()
                              ^^^^^^^^^^^^^^^^^^^
  File "/Users/jasonokoro/miniconda3/envs/nerf-env/lib/python3.12/http/client.py", line 292, in _read_status
    line = str(self.fp.readline(_MAXLINE + 1), "iso-8859-1")
               ^^^^^^^^^^^^^^^^^^^^^^^^^^^^^^
  File "/Users/jasonokoro/miniconda3/envs/nerf-env/lib/python3.12/socket.py", line 707, in readinto
    return self._sock.recv_into(b)
           ^^^^^^^^^^^^^^^^^^^^^^^
  File "/Users/jasonokoro/miniconda3/envs/nerf-env/lib/python3.12/ssl.py", line 1252, in recv_into
    return self.read(nbytes, buffer)
           ^^^^^^^^^^^^^^^^^^^^^^^^^
  File "/Users/jasonokoro/miniconda3/envs/nerf-env/lib/python3.12/ssl.py", line 1104, in read
    return self._sslobj.read(len, buffer)
           ^^^^^^^^^^^^^^^^^^^^^^^^^^^^^^
TimeoutError: The read operation timed out

The above exception was the direct cause of the following exception:

Traceback (most recent call last):
  File "/Users/jasonokoro/miniconda3/envs/nerf-env/lib/python3.12/site-packages/requests/adapters.py", line 486, in send
    resp = conn.urlopen(
           ^^^^^^^^^^^^^
  File "/Users/jasonokoro/miniconda3/envs/nerf-env/lib/python3.12/site-packages/urllib3/connectionpool.py", line 847, in urlopen
    retries = retries.increment(
              ^^^^^^^^^^^^^^^^^^
  File "/Users/jasonokoro/miniconda3/envs/nerf-env/lib/python3.12/site-packages/urllib3/util/retry.py", line 470, in increment
    raise reraise(type(error), error, _stacktrace)
          ^^^^^^^^^^^^^^^^^^^^^^^^^^^^^^^^^^^^^^^^
  File "/Users/jasonokoro/miniconda3/envs/nerf-env/lib/python3.12/site-packages/urllib3/util/util.py", line 39, in reraise
    raise value
  File "/Users/jasonokoro/miniconda3/envs/nerf-env/lib/python3.12/site-packages/urllib3/connectionpool.py", line 793, in urlopen
    response = self._make_request(
               ^^^^^^^^^^^^^^^^^^^
  File "/Users/jasonokoro/miniconda3/envs/nerf-env/lib/python3.12/site-packages/urllib3/connectionpool.py", line 539, in _make_request
    self._raise_timeout(err=e, url=url, timeout_value=read_timeout)
  File "/Users/jasonokoro/miniconda3/envs/nerf-env/lib/python3.12/site-packages/urllib3/connectionpool.py", line 370, in _raise_timeout
    raise ReadTimeoutError(
urllib3.exceptions.ReadTimeoutError: HTTPSConnectionPool(host='api.wandb.ai', port=443): Read timed out. (read timeout=20)

During handling of the above exception, another exception occurred:

Traceback (most recent call last):
  File "/Users/jasonokoro/miniconda3/envs/nerf-env/lib/python3.12/site-packages/wandb/sdk/lib/retry.py", line 131, in __call__
    result = self._call_fn(*args, **kwargs)
             ^^^^^^^^^^^^^^^^^^^^^^^^^^^^^^
  File "/Users/jasonokoro/miniconda3/envs/nerf-env/lib/python3.12/site-packages/wandb/sdk/internal/internal_api.py", line 369, in execute
    return self.client.execute(*args, **kwargs)  # type: ignore
           ^^^^^^^^^^^^^^^^^^^^^^^^^^^^^^^^^^^^
  File "/Users/jasonokoro/miniconda3/envs/nerf-env/lib/python3.12/site-packages/wandb/vendor/gql-0.2.0/wandb_gql/client.py", line 52, in execute
    result = self._get_result(document, *args, **kwargs)
             ^^^^^^^^^^^^^^^^^^^^^^^^^^^^^^^^^^^^^^^^^^^
  File "/Users/jasonokoro/miniconda3/envs/nerf-env/lib/python3.12/site-packages/wandb/vendor/gql-0.2.0/wandb_gql/client.py", line 60, in _get_result
    return self.transport.execute(document, *args, **kwargs)
           ^^^^^^^^^^^^^^^^^^^^^^^^^^^^^^^^^^^^^^^^^^^^^^^^^
  File "/Users/jasonokoro/miniconda3/envs/nerf-env/lib/python3.12/site-packages/wandb/sdk/lib/gql_request.py", line 58, in execute
    request = self.session.post(self.url, **post_args)
              ^^^^^^^^^^^^^^^^^^^^^^^^^^^^^^^^^^^^^^^^
  File "/Users/jasonokoro/miniconda3/envs/nerf-env/lib/python3.12/site-packages/requests/sessions.py", line 637, in post
    return self.request("POST", url, data=data, json=json, **kwargs)
           ^^^^^^^^^^^^^^^^^^^^^^^^^^^^^^^^^^^^^^^^^^^^^^^^^^^^^^^^^
  File "/Users/jasonokoro/miniconda3/envs/nerf-env/lib/python3.12/site-packages/requests/sessions.py", line 589, in request
    resp = self.send(prep, **send_kwargs)
           ^^^^^^^^^^^^^^^^^^^^^^^^^^^^^^
  File "/Users/jasonokoro/miniconda3/envs/nerf-env/lib/python3.12/site-packages/requests/sessions.py", line 703, in send
    r = adapter.send(request, **kwargs)
        ^^^^^^^^^^^^^^^^^^^^^^^^^^^^^^^
  File "/Users/jasonokoro/miniconda3/envs/nerf-env/lib/python3.12/site-packages/requests/adapters.py", line 532, in send
    raise ReadTimeout(e, request=request)
requests.exceptions.ReadTimeout: HTTPSConnectionPool(host='api.wandb.ai', port=443): Read timed out. (read timeout=20)
2024-04-27 13:36:48,096 DEBUG   HandlerThread:29949 [handler.py:handle_request():146] handle_request: internal_messages
2024-04-27 13:36:50,260 DEBUG   SystemMonitor:29949 [system_monitor.py:_start():172] Starting system metrics aggregation loop
2024-04-27 13:36:51,859 DEBUG   SenderThread:29949 [sender.py:send():379] send: telemetry
2024-04-27 13:36:51,860 DEBUG   HandlerThread:29949 [handler.py:handle_request():146] handle_request: status_report
2024-04-27 13:36:51,862 DEBUG   SenderThread:29949 [sender.py:send():379] send: stats
2024-04-27 13:36:52,222 INFO    Thread-50 :29949 [dir_watcher.py:_on_file_created():271] file/dir created: /Users/jasonokoro/Desktop/proyectos/nerf/wandb/run-20240427_133540-59w8akx2/files/output.log
2024-04-27 13:36:53,254 INFO    wandb-upload_0:29949 [upload_job.py:push():131] Uploaded file /var/folders/j4/g3mlkbs977gfqcs4f6j710j80000gp/T/tmpq8r9cgv8wandb/qz0il8js-wandb-metadata.json
2024-04-27 13:36:53,371 DEBUG   HandlerThread:29949 [handler.py:handle_request():146] handle_request: keepalive
2024-04-27 13:36:54,231 INFO    Thread-50 :29949 [dir_watcher.py:_on_file_modified():288] file/dir modified: /Users/jasonokoro/Desktop/proyectos/nerf/wandb/run-20240427_133540-59w8akx2/files/output.log
2024-04-27 13:36:56,899 DEBUG   HandlerThread:29949 [handler.py:handle_request():146] handle_request: status_report
2024-04-27 13:36:58,383 DEBUG   HandlerThread:29949 [handler.py:handle_request():146] handle_request: keepalive
2024-04-27 13:37:01,983 DEBUG   HandlerThread:29949 [handler.py:handle_request():146] handle_request: status_report
2024-04-27 13:37:03,107 DEBUG   HandlerThread:29949 [handler.py:handle_request():146] handle_request: internal_messages
2024-04-27 13:37:07,002 DEBUG   HandlerThread:29949 [handler.py:handle_request():146] handle_request: status_report
2024-04-27 13:37:08,438 DEBUG   HandlerThread:29949 [handler.py:handle_request():146] handle_request: keepalive
2024-04-27 13:37:12,080 DEBUG   HandlerThread:29949 [handler.py:handle_request():146] handle_request: status_report
2024-04-27 13:37:13,462 DEBUG   HandlerThread:29949 [handler.py:handle_request():146] handle_request: keepalive
2024-04-27 13:37:17,152 DEBUG   HandlerThread:29949 [handler.py:handle_request():146] handle_request: status_report
2024-04-27 13:37:18,107 DEBUG   HandlerThread:29949 [handler.py:handle_request():146] handle_request: internal_messages
2024-04-27 13:37:20,270 DEBUG   SenderThread:29949 [sender.py:send():379] send: stats
2024-04-27 13:37:22,282 DEBUG   HandlerThread:29949 [handler.py:handle_request():146] handle_request: status_report
2024-04-27 13:37:22,540 INFO    Thread-50 :29949 [dir_watcher.py:_on_file_modified():288] file/dir modified: /Users/jasonokoro/Desktop/proyectos/nerf/wandb/run-20240427_133540-59w8akx2/files/config.yaml
2024-04-27 13:37:23,551 DEBUG   HandlerThread:29949 [handler.py:handle_request():146] handle_request: keepalive
2024-04-27 13:37:27,415 DEBUG   HandlerThread:29949 [handler.py:handle_request():146] handle_request: status_report
2024-04-27 13:37:28,577 DEBUG   HandlerThread:29949 [handler.py:handle_request():146] handle_request: keepalive
2024-04-27 13:37:32,447 DEBUG   HandlerThread:29949 [handler.py:handle_request():146] handle_request: status_report
2024-04-27 13:37:33,108 DEBUG   HandlerThread:29949 [handler.py:handle_request():146] handle_request: internal_messages
2024-04-27 13:37:37,548 DEBUG   HandlerThread:29949 [handler.py:handle_request():146] handle_request: status_report
2024-04-27 13:37:38,603 DEBUG   HandlerThread:29949 [handler.py:handle_request():146] handle_request: keepalive
2024-04-27 13:37:42,572 DEBUG   HandlerThread:29949 [handler.py:handle_request():146] handle_request: status_report
2024-04-27 13:37:43,697 DEBUG   HandlerThread:29949 [handler.py:handle_request():146] handle_request: keepalive
2024-04-27 13:37:47,596 DEBUG   HandlerThread:29949 [handler.py:handle_request():146] handle_request: status_report
2024-04-27 13:37:48,194 DEBUG   HandlerThread:29949 [handler.py:handle_request():146] handle_request: internal_messages
2024-04-27 13:37:50,275 DEBUG   SenderThread:29949 [sender.py:send():379] send: stats
2024-04-27 13:37:53,294 DEBUG   HandlerThread:29949 [handler.py:handle_request():146] handle_request: status_report
2024-04-27 13:37:53,845 DEBUG   HandlerThread:29949 [handler.py:handle_request():146] handle_request: keepalive
2024-04-27 13:37:58,311 DEBUG   HandlerThread:29949 [handler.py:handle_request():146] handle_request: status_report
2024-04-27 13:37:58,863 DEBUG   HandlerThread:29949 [handler.py:handle_request():146] handle_request: keepalive
2024-04-27 13:38:03,163 DEBUG   HandlerThread:29949 [handler.py:handle_request():146] handle_request: internal_messages
2024-04-27 13:38:03,328 DEBUG   HandlerThread:29949 [handler.py:handle_request():146] handle_request: status_report
2024-04-27 13:38:08,340 DEBUG   HandlerThread:29949 [handler.py:handle_request():146] handle_request: status_report
2024-04-27 13:38:08,901 DEBUG   HandlerThread:29949 [handler.py:handle_request():146] handle_request: keepalive
2024-04-27 13:38:13,361 DEBUG   HandlerThread:29949 [handler.py:handle_request():146] handle_request: status_report
2024-04-27 13:38:13,931 DEBUG   HandlerThread:29949 [handler.py:handle_request():146] handle_request: keepalive
2024-04-27 13:38:18,166 DEBUG   HandlerThread:29949 [handler.py:handle_request():146] handle_request: internal_messages
2024-04-27 13:38:18,384 DEBUG   HandlerThread:29949 [handler.py:handle_request():146] handle_request: status_report
2024-04-27 13:38:20,281 DEBUG   SenderThread:29949 [sender.py:send():379] send: stats
2024-04-27 13:38:23,987 DEBUG   HandlerThread:29949 [handler.py:handle_request():146] handle_request: keepalive
2024-04-27 13:38:24,293 DEBUG   HandlerThread:29949 [handler.py:handle_request():146] handle_request: status_report
2024-04-27 13:38:29,035 DEBUG   HandlerThread:29949 [handler.py:handle_request():146] handle_request: keepalive
2024-04-27 13:38:29,314 DEBUG   HandlerThread:29949 [handler.py:handle_request():146] handle_request: status_report
2024-04-27 13:38:33,168 DEBUG   HandlerThread:29949 [handler.py:handle_request():146] handle_request: internal_messages
2024-04-27 13:38:34,329 DEBUG   HandlerThread:29949 [handler.py:handle_request():146] handle_request: status_report
2024-04-27 13:38:39,072 DEBUG   HandlerThread:29949 [handler.py:handle_request():146] handle_request: keepalive
2024-04-27 13:38:39,352 DEBUG   HandlerThread:29949 [handler.py:handle_request():146] handle_request: status_report
2024-04-27 13:38:44,099 DEBUG   HandlerThread:29949 [handler.py:handle_request():146] handle_request: keepalive
2024-04-27 13:38:44,388 DEBUG   HandlerThread:29949 [handler.py:handle_request():146] handle_request: status_report
2024-04-27 13:38:48,171 DEBUG   HandlerThread:29949 [handler.py:handle_request():146] handle_request: internal_messages
2024-04-27 13:38:49,406 DEBUG   HandlerThread:29949 [handler.py:handle_request():146] handle_request: status_report
2024-04-27 13:38:50,287 DEBUG   SenderThread:29949 [sender.py:send():379] send: stats
2024-04-27 13:38:54,136 DEBUG   HandlerThread:29949 [handler.py:handle_request():146] handle_request: keepalive
2024-04-27 13:38:55,305 DEBUG   HandlerThread:29949 [handler.py:handle_request():146] handle_request: status_report
2024-04-27 13:38:59,152 DEBUG   HandlerThread:29949 [handler.py:handle_request():146] handle_request: keepalive
2024-04-27 13:39:00,327 DEBUG   HandlerThread:29949 [handler.py:handle_request():146] handle_request: status_report
2024-04-27 13:39:03,172 DEBUG   HandlerThread:29949 [handler.py:handle_request():146] handle_request: internal_messages
2024-04-27 13:39:05,345 DEBUG   HandlerThread:29949 [handler.py:handle_request():146] handle_request: status_report
2024-04-27 13:39:08,204 DEBUG   HandlerThread:29949 [handler.py:handle_request():146] handle_request: keepalive
2024-04-27 13:39:10,363 DEBUG   HandlerThread:29949 [handler.py:handle_request():146] handle_request: status_report
2024-04-27 13:39:13,214 DEBUG   HandlerThread:29949 [handler.py:handle_request():146] handle_request: keepalive
2024-04-27 13:39:15,377 DEBUG   HandlerThread:29949 [handler.py:handle_request():146] handle_request: status_report
2024-04-27 13:39:18,177 DEBUG   HandlerThread:29949 [handler.py:handle_request():146] handle_request: internal_messages
2024-04-27 13:39:20,293 DEBUG   SenderThread:29949 [sender.py:send():379] send: stats
2024-04-27 13:39:21,298 DEBUG   HandlerThread:29949 [handler.py:handle_request():146] handle_request: status_report
2024-04-27 13:39:23,242 DEBUG   HandlerThread:29949 [handler.py:handle_request():146] handle_request: keepalive
2024-04-27 13:39:26,317 DEBUG   HandlerThread:29949 [handler.py:handle_request():146] handle_request: status_report
2024-04-27 13:39:28,258 DEBUG   HandlerThread:29949 [handler.py:handle_request():146] handle_request: keepalive
2024-04-27 13:39:31,334 DEBUG   HandlerThread:29949 [handler.py:handle_request():146] handle_request: status_report
2024-04-27 13:39:33,179 DEBUG   HandlerThread:29949 [handler.py:handle_request():146] handle_request: internal_messages
2024-04-27 13:39:36,350 DEBUG   HandlerThread:29949 [handler.py:handle_request():146] handle_request: status_report
2024-04-27 13:39:38,294 DEBUG   HandlerThread:29949 [handler.py:handle_request():146] handle_request: keepalive
2024-04-27 13:39:41,369 DEBUG   HandlerThread:29949 [handler.py:handle_request():146] handle_request: status_report
2024-04-27 13:39:43,319 DEBUG   HandlerThread:29949 [handler.py:handle_request():146] handle_request: keepalive
2024-04-27 13:39:46,383 DEBUG   HandlerThread:29949 [handler.py:handle_request():146] handle_request: status_report
2024-04-27 13:39:48,180 DEBUG   HandlerThread:29949 [handler.py:handle_request():146] handle_request: internal_messages
2024-04-27 13:39:50,300 DEBUG   SenderThread:29949 [sender.py:send():379] send: stats
2024-04-27 13:39:52,311 DEBUG   HandlerThread:29949 [handler.py:handle_request():146] handle_request: status_report
2024-04-27 13:39:53,344 DEBUG   HandlerThread:29949 [handler.py:handle_request():146] handle_request: keepalive
2024-04-27 13:39:57,329 DEBUG   HandlerThread:29949 [handler.py:handle_request():146] handle_request: status_report
2024-04-27 13:39:58,360 DEBUG   HandlerThread:29949 [handler.py:handle_request():146] handle_request: keepalive
2024-04-27 13:40:02,349 DEBUG   HandlerThread:29949 [handler.py:handle_request():146] handle_request: status_report
2024-04-27 13:40:03,184 DEBUG   HandlerThread:29949 [handler.py:handle_request():146] handle_request: internal_messages
2024-04-27 13:40:07,369 DEBUG   HandlerThread:29949 [handler.py:handle_request():146] handle_request: status_report
2024-04-27 13:40:08,404 DEBUG   HandlerThread:29949 [handler.py:handle_request():146] handle_request: keepalive
2024-04-27 13:40:12,383 DEBUG   HandlerThread:29949 [handler.py:handle_request():146] handle_request: status_report
2024-04-27 13:40:13,411 DEBUG   HandlerThread:29949 [handler.py:handle_request():146] handle_request: keepalive
2024-04-27 13:40:17,391 DEBUG   HandlerThread:29949 [handler.py:handle_request():146] handle_request: status_report
2024-04-27 13:40:18,187 DEBUG   HandlerThread:29949 [handler.py:handle_request():146] handle_request: internal_messages
2024-04-27 13:40:20,305 DEBUG   SenderThread:29949 [sender.py:send():379] send: stats
2024-04-27 13:40:23,317 DEBUG   HandlerThread:29949 [handler.py:handle_request():146] handle_request: status_report
2024-04-27 13:40:23,441 DEBUG   HandlerThread:29949 [handler.py:handle_request():146] handle_request: keepalive
2024-04-27 13:40:28,332 DEBUG   HandlerThread:29949 [handler.py:handle_request():146] handle_request: status_report
2024-04-27 13:40:28,456 DEBUG   HandlerThread:29949 [handler.py:handle_request():146] handle_request: keepalive
2024-04-27 13:40:33,191 DEBUG   HandlerThread:29949 [handler.py:handle_request():146] handle_request: internal_messages
2024-04-27 13:40:33,346 DEBUG   HandlerThread:29949 [handler.py:handle_request():146] handle_request: status_report
2024-04-27 13:40:38,366 DEBUG   HandlerThread:29949 [handler.py:handle_request():146] handle_request: status_report
2024-04-27 13:40:38,491 DEBUG   HandlerThread:29949 [handler.py:handle_request():146] handle_request: keepalive
2024-04-27 13:40:43,383 DEBUG   HandlerThread:29949 [handler.py:handle_request():146] handle_request: status_report
2024-04-27 13:40:43,511 DEBUG   HandlerThread:29949 [handler.py:handle_request():146] handle_request: keepalive
2024-04-27 13:40:48,193 DEBUG   HandlerThread:29949 [handler.py:handle_request():146] handle_request: internal_messages
2024-04-27 13:40:48,401 DEBUG   HandlerThread:29949 [handler.py:handle_request():146] handle_request: status_report
2024-04-27 13:40:50,310 DEBUG   SenderThread:29949 [sender.py:send():379] send: stats
2024-04-27 13:40:53,544 DEBUG   HandlerThread:29949 [handler.py:handle_request():146] handle_request: keepalive
2024-04-27 13:40:54,326 DEBUG   HandlerThread:29949 [handler.py:handle_request():146] handle_request: status_report
2024-04-27 13:40:58,687 DEBUG   HandlerThread:29949 [handler.py:handle_request():146] handle_request: keepalive
2024-04-27 13:40:59,344 DEBUG   HandlerThread:29949 [handler.py:handle_request():146] handle_request: status_report
2024-04-27 13:41:03,197 DEBUG   HandlerThread:29949 [handler.py:handle_request():146] handle_request: internal_messages
2024-04-27 13:41:04,357 DEBUG   HandlerThread:29949 [handler.py:handle_request():146] handle_request: status_report
2024-04-27 13:41:08,721 DEBUG   HandlerThread:29949 [handler.py:handle_request():146] handle_request: keepalive
2024-04-27 13:41:09,367 DEBUG   HandlerThread:29949 [handler.py:handle_request():146] handle_request: status_report
2024-04-27 13:41:13,735 DEBUG   HandlerThread:29949 [handler.py:handle_request():146] handle_request: keepalive
2024-04-27 13:41:14,384 DEBUG   HandlerThread:29949 [handler.py:handle_request():146] handle_request: status_report
2024-04-27 13:41:18,201 DEBUG   HandlerThread:29949 [handler.py:handle_request():146] handle_request: internal_messages
2024-04-27 13:41:19,404 DEBUG   HandlerThread:29949 [handler.py:handle_request():146] handle_request: status_report
2024-04-27 13:41:20,329 DEBUG   SenderThread:29949 [sender.py:send():379] send: stats
2024-04-27 13:41:23,765 DEBUG   HandlerThread:29949 [handler.py:handle_request():146] handle_request: keepalive
2024-04-27 13:41:25,348 DEBUG   HandlerThread:29949 [handler.py:handle_request():146] handle_request: status_report
2024-04-27 13:41:28,780 DEBUG   HandlerThread:29949 [handler.py:handle_request():146] handle_request: keepalive
2024-04-27 13:41:30,367 DEBUG   HandlerThread:29949 [handler.py:handle_request():146] handle_request: status_report
2024-04-27 13:41:33,209 DEBUG   HandlerThread:29949 [handler.py:handle_request():146] handle_request: internal_messages
2024-04-27 13:41:35,385 DEBUG   HandlerThread:29949 [handler.py:handle_request():146] handle_request: status_report
2024-04-27 13:41:38,814 DEBUG   HandlerThread:29949 [handler.py:handle_request():146] handle_request: keepalive
2024-04-27 13:41:40,400 DEBUG   HandlerThread:29949 [handler.py:handle_request():146] handle_request: status_report
2024-04-27 13:41:43,846 DEBUG   HandlerThread:29949 [handler.py:handle_request():146] handle_request: keepalive
2024-04-27 13:41:45,413 DEBUG   HandlerThread:29949 [handler.py:handle_request():146] handle_request: status_report
2024-04-27 13:41:48,214 DEBUG   HandlerThread:29949 [handler.py:handle_request():146] handle_request: internal_messages
2024-04-27 13:41:50,326 DEBUG   SenderThread:29949 [sender.py:send():379] send: stats
2024-04-27 13:41:51,330 DEBUG   HandlerThread:29949 [handler.py:handle_request():146] handle_request: status_report
2024-04-27 13:41:53,890 DEBUG   HandlerThread:29949 [handler.py:handle_request():146] handle_request: keepalive
2024-04-27 13:41:56,347 DEBUG   HandlerThread:29949 [handler.py:handle_request():146] handle_request: status_report
2024-04-27 13:41:58,956 DEBUG   HandlerThread:29949 [handler.py:handle_request():146] handle_request: keepalive
2024-04-27 13:42:01,373 DEBUG   HandlerThread:29949 [handler.py:handle_request():146] handle_request: status_report
2024-04-27 13:42:03,219 DEBUG   HandlerThread:29949 [handler.py:handle_request():146] handle_request: internal_messages
2024-04-27 13:42:06,388 DEBUG   HandlerThread:29949 [handler.py:handle_request():146] handle_request: status_report
2024-04-27 13:42:08,989 DEBUG   HandlerThread:29949 [handler.py:handle_request():146] handle_request: keepalive
2024-04-27 13:42:11,405 DEBUG   HandlerThread:29949 [handler.py:handle_request():146] handle_request: status_report
2024-04-27 13:42:14,014 DEBUG   HandlerThread:29949 [handler.py:handle_request():146] handle_request: keepalive
2024-04-27 13:42:16,426 DEBUG   HandlerThread:29949 [handler.py:handle_request():146] handle_request: status_report
2024-04-27 13:42:18,225 DEBUG   HandlerThread:29949 [handler.py:handle_request():146] handle_request: internal_messages
2024-04-27 13:42:20,333 DEBUG   SenderThread:29949 [sender.py:send():379] send: stats
2024-04-27 13:42:22,344 DEBUG   HandlerThread:29949 [handler.py:handle_request():146] handle_request: status_report
2024-04-27 13:42:24,055 DEBUG   HandlerThread:29949 [handler.py:handle_request():146] handle_request: keepalive
2024-04-27 13:42:27,357 DEBUG   HandlerThread:29949 [handler.py:handle_request():146] handle_request: status_report
2024-04-27 13:42:29,076 DEBUG   HandlerThread:29949 [handler.py:handle_request():146] handle_request: keepalive
2024-04-27 13:42:32,370 DEBUG   HandlerThread:29949 [handler.py:handle_request():146] handle_request: status_report
2024-04-27 13:42:33,226 DEBUG   HandlerThread:29949 [handler.py:handle_request():146] handle_request: internal_messages
2024-04-27 13:42:37,382 DEBUG   HandlerThread:29949 [handler.py:handle_request():146] handle_request: status_report
2024-04-27 13:42:39,114 DEBUG   HandlerThread:29949 [handler.py:handle_request():146] handle_request: keepalive
2024-04-27 13:42:42,397 DEBUG   HandlerThread:29949 [handler.py:handle_request():146] handle_request: status_report
2024-04-27 13:42:44,136 DEBUG   HandlerThread:29949 [handler.py:handle_request():146] handle_request: keepalive
2024-04-27 13:42:47,414 DEBUG   HandlerThread:29949 [handler.py:handle_request():146] handle_request: status_report
2024-04-27 13:42:48,233 DEBUG   HandlerThread:29949 [handler.py:handle_request():146] handle_request: internal_messages
2024-04-27 13:42:50,339 DEBUG   SenderThread:29949 [sender.py:send():379] send: stats
2024-04-27 13:42:53,346 DEBUG   HandlerThread:29949 [handler.py:handle_request():146] handle_request: status_report
2024-04-27 13:42:54,175 DEBUG   HandlerThread:29949 [handler.py:handle_request():146] handle_request: keepalive
2024-04-27 13:42:58,365 DEBUG   HandlerThread:29949 [handler.py:handle_request():146] handle_request: status_report
2024-04-27 13:42:59,191 DEBUG   HandlerThread:29949 [handler.py:handle_request():146] handle_request: keepalive
2024-04-27 13:43:03,237 DEBUG   HandlerThread:29949 [handler.py:handle_request():146] handle_request: internal_messages
2024-04-27 13:43:03,384 DEBUG   HandlerThread:29949 [handler.py:handle_request():146] handle_request: status_report
2024-04-27 13:43:08,401 DEBUG   HandlerThread:29949 [handler.py:handle_request():146] handle_request: status_report
2024-04-27 13:43:09,208 DEBUG   HandlerThread:29949 [handler.py:handle_request():146] handle_request: keepalive
2024-04-27 13:43:13,437 DEBUG   HandlerThread:29949 [handler.py:handle_request():146] handle_request: status_report
2024-04-27 13:43:14,233 DEBUG   HandlerThread:29949 [handler.py:handle_request():146] handle_request: keepalive
2024-04-27 13:43:18,240 DEBUG   HandlerThread:29949 [handler.py:handle_request():146] handle_request: internal_messages
2024-04-27 13:43:18,456 DEBUG   HandlerThread:29949 [handler.py:handle_request():146] handle_request: status_report
2024-04-27 13:43:20,342 DEBUG   SenderThread:29949 [sender.py:send():379] send: stats
2024-04-27 13:43:23,267 DEBUG   HandlerThread:29949 [handler.py:handle_request():146] handle_request: keepalive
2024-04-27 13:43:24,356 DEBUG   HandlerThread:29949 [handler.py:handle_request():146] handle_request: status_report
2024-04-27 13:43:28,320 DEBUG   HandlerThread:29949 [handler.py:handle_request():146] handle_request: keepalive
2024-04-27 13:43:29,372 DEBUG   HandlerThread:29949 [handler.py:handle_request():146] handle_request: status_report
2024-04-27 13:43:33,248 DEBUG   HandlerThread:29949 [handler.py:handle_request():146] handle_request: internal_messages
2024-04-27 13:43:34,386 DEBUG   HandlerThread:29949 [handler.py:handle_request():146] handle_request: status_report
2024-04-27 13:43:37,393 INFO    Thread-50 :29949 [dir_watcher.py:_on_file_modified():288] file/dir modified: /Users/jasonokoro/Desktop/proyectos/nerf/wandb/run-20240427_133540-59w8akx2/files/output.log
2024-04-27 13:43:38,367 DEBUG   HandlerThread:29949 [handler.py:handle_request():146] handle_request: keepalive
2024-04-27 13:43:39,391 DEBUG   HandlerThread:29949 [handler.py:handle_request():146] handle_request: status_report
2024-04-27 13:43:43,417 DEBUG   HandlerThread:29949 [handler.py:handle_request():146] handle_request: keepalive
2024-04-27 13:43:44,418 DEBUG   HandlerThread:29949 [handler.py:handle_request():146] handle_request: status_report
2024-04-27 13:43:48,247 DEBUG   HandlerThread:29949 [handler.py:handle_request():146] handle_request: internal_messages
2024-04-27 13:43:49,433 DEBUG   HandlerThread:29949 [handler.py:handle_request():146] handle_request: status_report
2024-04-27 13:43:50,349 DEBUG   SenderThread:29949 [sender.py:send():379] send: stats
2024-04-27 13:43:53,485 DEBUG   HandlerThread:29949 [handler.py:handle_request():146] handle_request: keepalive
2024-04-27 13:43:55,382 DEBUG   HandlerThread:29949 [handler.py:handle_request():146] handle_request: status_report
2024-04-27 13:43:58,571 DEBUG   HandlerThread:29949 [handler.py:handle_request():146] handle_request: keepalive
2024-04-27 13:44:00,434 DEBUG   HandlerThread:29949 [handler.py:handle_request():146] handle_request: status_report
2024-04-27 13:44:03,250 DEBUG   HandlerThread:29949 [handler.py:handle_request():146] handle_request: internal_messages
2024-04-27 13:44:05,501 DEBUG   HandlerThread:29949 [handler.py:handle_request():146] handle_request: status_report
2024-04-27 13:44:08,612 DEBUG   HandlerThread:29949 [handler.py:handle_request():146] handle_request: keepalive
2024-04-27 13:44:10,522 DEBUG   HandlerThread:29949 [handler.py:handle_request():146] handle_request: status_report
2024-04-27 13:44:15,549 DEBUG   HandlerThread:29949 [handler.py:handle_request():146] handle_request: status_report
2024-04-27 13:44:20,354 DEBUG   SenderThread:29949 [sender.py:send():379] send: stats
2024-04-27 13:44:21,366 DEBUG   HandlerThread:29949 [handler.py:handle_request():146] handle_request: status_report
2024-04-27 13:44:26,384 DEBUG   HandlerThread:29949 [handler.py:handle_request():146] handle_request: status_report
2024-04-27 13:44:31,514 DEBUG   HandlerThread:29949 [handler.py:handle_request():146] handle_request: status_report
2024-04-27 13:44:36,536 DEBUG   HandlerThread:29949 [handler.py:handle_request():146] handle_request: status_report
2024-04-27 13:44:39,784 DEBUG   HandlerThread:29949 [handler.py:handle_request():146] handle_request: keepalive
2024-04-27 13:44:39,785 DEBUG   HandlerThread:29949 [handler.py:handle_request():146] handle_request: internal_messages
2024-04-27 13:44:41,567 DEBUG   HandlerThread:29949 [handler.py:handle_request():146] handle_request: status_report
2024-04-27 13:44:46,656 DEBUG   HandlerThread:29949 [handler.py:handle_request():146] handle_request: status_report
2024-04-27 13:44:50,360 DEBUG   SenderThread:29949 [sender.py:send():379] send: stats
2024-04-27 13:44:52,369 DEBUG   HandlerThread:29949 [handler.py:handle_request():146] handle_request: status_report
2024-04-27 13:44:57,394 DEBUG   HandlerThread:29949 [handler.py:handle_request():146] handle_request: status_report
2024-04-27 13:45:02,417 DEBUG   HandlerThread:29949 [handler.py:handle_request():146] handle_request: status_report
2024-04-27 13:45:05,127 DEBUG   HandlerThread:29949 [handler.py:handle_request():146] handle_request: keepalive
2024-04-27 13:45:07,439 DEBUG   HandlerThread:29949 [handler.py:handle_request():146] handle_request: status_report
2024-04-27 13:45:08,611 DEBUG   HandlerThread:29949 [handler.py:handle_request():146] handle_request: keepalive
2024-04-27 13:45:08,636 DEBUG   HandlerThread:29949 [handler.py:handle_request():146] handle_request: internal_messages
2024-04-27 13:45:12,507 DEBUG   HandlerThread:29949 [handler.py:handle_request():146] handle_request: status_report
2024-04-27 13:45:14,630 DEBUG   HandlerThread:29949 [handler.py:handle_request():146] handle_request: keepalive
2024-04-27 13:45:17,519 DEBUG   HandlerThread:29949 [handler.py:handle_request():146] handle_request: status_report
2024-04-27 13:45:19,653 DEBUG   HandlerThread:29949 [handler.py:handle_request():146] handle_request: keepalive
2024-04-27 13:45:20,122 DEBUG   HandlerThread:29949 [handler.py:handle_request():146] handle_request: internal_messages
2024-04-27 13:45:20,369 DEBUG   SenderThread:29949 [sender.py:send():379] send: stats
2024-04-27 13:45:23,393 DEBUG   HandlerThread:29949 [handler.py:handle_request():146] handle_request: status_report
2024-04-27 13:45:25,688 DEBUG   HandlerThread:29949 [handler.py:handle_request():146] handle_request: keepalive
2024-04-27 13:45:28,416 DEBUG   HandlerThread:29949 [handler.py:handle_request():146] handle_request: status_report
2024-04-27 13:45:30,740 DEBUG   HandlerThread:29949 [handler.py:handle_request():146] handle_request: keepalive
2024-04-27 13:45:33,468 DEBUG   HandlerThread:29949 [handler.py:handle_request():146] handle_request: status_report
2024-04-27 13:45:35,131 DEBUG   HandlerThread:29949 [handler.py:handle_request():146] handle_request: internal_messages
2024-04-27 13:45:38,535 DEBUG   HandlerThread:29949 [handler.py:handle_request():146] handle_request: status_report
2024-04-27 13:45:40,812 DEBUG   HandlerThread:29949 [handler.py:handle_request():146] handle_request: keepalive
2024-04-27 13:45:43,570 DEBUG   HandlerThread:29949 [handler.py:handle_request():146] handle_request: status_report
2024-04-27 13:45:45,856 DEBUG   HandlerThread:29949 [handler.py:handle_request():146] handle_request: keepalive
2024-04-27 13:45:48,592 DEBUG   HandlerThread:29949 [handler.py:handle_request():146] handle_request: status_report
2024-04-27 13:45:50,135 DEBUG   HandlerThread:29949 [handler.py:handle_request():146] handle_request: internal_messages
2024-04-27 13:45:50,383 DEBUG   SenderThread:29949 [sender.py:send():379] send: stats
2024-04-27 13:45:54,402 DEBUG   HandlerThread:29949 [handler.py:handle_request():146] handle_request: status_report
2024-04-27 13:45:55,902 DEBUG   HandlerThread:29949 [handler.py:handle_request():146] handle_request: keepalive
2024-04-27 13:45:59,534 DEBUG   HandlerThread:29949 [handler.py:handle_request():146] handle_request: status_report
2024-04-27 13:46:01,041 DEBUG   HandlerThread:29949 [handler.py:handle_request():146] handle_request: keepalive
2024-04-27 13:46:04,657 DEBUG   HandlerThread:29949 [handler.py:handle_request():146] handle_request: status_report
2024-04-27 13:46:05,139 DEBUG   HandlerThread:29949 [handler.py:handle_request():146] handle_request: internal_messages
2024-04-27 13:46:09,669 DEBUG   HandlerThread:29949 [handler.py:handle_request():146] handle_request: status_report
2024-04-27 13:46:10,216 DEBUG   HandlerThread:29949 [handler.py:handle_request():146] handle_request: keepalive
2024-04-27 13:46:14,702 DEBUG   HandlerThread:29949 [handler.py:handle_request():146] handle_request: status_report
2024-04-27 13:46:15,238 DEBUG   HandlerThread:29949 [handler.py:handle_request():146] handle_request: keepalive
2024-04-27 13:46:19,806 DEBUG   HandlerThread:29949 [handler.py:handle_request():146] handle_request: status_report
2024-04-27 13:46:20,152 DEBUG   HandlerThread:29949 [handler.py:handle_request():146] handle_request: internal_messages
2024-04-27 13:46:20,383 DEBUG   SenderThread:29949 [sender.py:send():379] send: stats
2024-04-27 13:46:25,407 DEBUG   HandlerThread:29949 [handler.py:handle_request():146] handle_request: status_report
2024-04-27 13:46:25,462 DEBUG   HandlerThread:29949 [handler.py:handle_request():146] handle_request: keepalive
2024-04-27 13:46:30,489 DEBUG   HandlerThread:29949 [handler.py:handle_request():146] handle_request: status_report
2024-04-27 13:46:30,496 DEBUG   HandlerThread:29949 [handler.py:handle_request():146] handle_request: keepalive
2024-04-27 13:46:35,187 DEBUG   HandlerThread:29949 [handler.py:handle_request():146] handle_request: internal_messages
2024-04-27 13:46:35,507 DEBUG   HandlerThread:29949 [handler.py:handle_request():146] handle_request: status_report
2024-04-27 13:46:40,529 DEBUG   HandlerThread:29949 [handler.py:handle_request():146] handle_request: status_report
2024-04-27 13:46:40,530 DEBUG   HandlerThread:29949 [handler.py:handle_request():146] handle_request: keepalive
2024-04-27 13:46:46,023 DEBUG   HandlerThread:29949 [handler.py:handle_request():146] handle_request: keepalive
2024-04-27 13:46:46,067 DEBUG   HandlerThread:29949 [handler.py:handle_request():146] handle_request: status_report
2024-04-27 13:46:50,145 DEBUG   HandlerThread:29949 [handler.py:handle_request():146] handle_request: internal_messages
2024-04-27 13:46:50,387 DEBUG   SenderThread:29949 [sender.py:send():379] send: stats
2024-04-27 13:46:51,391 DEBUG   HandlerThread:29949 [handler.py:handle_request():146] handle_request: status_report
2024-04-27 13:46:56,048 DEBUG   HandlerThread:29949 [handler.py:handle_request():146] handle_request: keepalive
2024-04-27 13:46:56,397 DEBUG   HandlerThread:29949 [handler.py:handle_request():146] handle_request: status_report
2024-04-27 13:47:01,248 DEBUG   HandlerThread:29949 [handler.py:handle_request():146] handle_request: keepalive
2024-04-27 13:47:01,418 DEBUG   HandlerThread:29949 [handler.py:handle_request():146] handle_request: status_report
2024-04-27 13:47:05,150 DEBUG   HandlerThread:29949 [handler.py:handle_request():146] handle_request: internal_messages
2024-04-27 13:47:06,432 DEBUG   HandlerThread:29949 [handler.py:handle_request():146] handle_request: status_report
2024-04-27 13:47:10,290 DEBUG   HandlerThread:29949 [handler.py:handle_request():146] handle_request: keepalive
2024-04-27 13:47:11,457 DEBUG   HandlerThread:29949 [handler.py:handle_request():146] handle_request: status_report
2024-04-27 13:47:15,321 DEBUG   HandlerThread:29949 [handler.py:handle_request():146] handle_request: keepalive
2024-04-27 13:47:16,520 DEBUG   HandlerThread:29949 [handler.py:handle_request():146] handle_request: status_report
2024-04-27 13:47:20,159 DEBUG   HandlerThread:29949 [handler.py:handle_request():146] handle_request: internal_messages
2024-04-27 13:47:20,399 DEBUG   SenderThread:29949 [sender.py:send():379] send: stats
2024-04-27 13:47:22,408 DEBUG   HandlerThread:29949 [handler.py:handle_request():146] handle_request: status_report
2024-04-27 13:47:25,350 DEBUG   HandlerThread:29949 [handler.py:handle_request():146] handle_request: keepalive
2024-04-27 13:47:27,429 DEBUG   HandlerThread:29949 [handler.py:handle_request():146] handle_request: status_report
2024-04-27 13:47:30,365 DEBUG   HandlerThread:29949 [handler.py:handle_request():146] handle_request: keepalive
2024-04-27 13:47:32,458 DEBUG   HandlerThread:29949 [handler.py:handle_request():146] handle_request: status_report
2024-04-27 13:47:35,159 DEBUG   HandlerThread:29949 [handler.py:handle_request():146] handle_request: internal_messages
2024-04-27 13:47:37,471 DEBUG   HandlerThread:29949 [handler.py:handle_request():146] handle_request: status_report
2024-04-27 13:47:40,407 DEBUG   HandlerThread:29949 [handler.py:handle_request():146] handle_request: keepalive
2024-04-27 13:47:42,485 DEBUG   HandlerThread:29949 [handler.py:handle_request():146] handle_request: status_report
2024-04-27 13:47:45,433 DEBUG   HandlerThread:29949 [handler.py:handle_request():146] handle_request: keepalive
2024-04-27 13:47:47,538 DEBUG   HandlerThread:29949 [handler.py:handle_request():146] handle_request: status_report
2024-04-27 13:47:50,162 DEBUG   HandlerThread:29949 [handler.py:handle_request():146] handle_request: internal_messages
2024-04-27 13:47:50,402 DEBUG   SenderThread:29949 [sender.py:send():379] send: stats
2024-04-27 13:47:53,475 DEBUG   HandlerThread:29949 [handler.py:handle_request():146] handle_request: status_report
2024-04-27 13:47:55,549 DEBUG   HandlerThread:29949 [handler.py:handle_request():146] handle_request: keepalive
2024-04-27 13:47:58,610 DEBUG   HandlerThread:29949 [handler.py:handle_request():146] handle_request: status_report
2024-04-27 13:48:00,648 DEBUG   HandlerThread:29949 [handler.py:handle_request():146] handle_request: keepalive
2024-04-27 13:48:03,910 DEBUG   HandlerThread:29949 [handler.py:handle_request():146] handle_request: status_report
2024-04-27 13:48:05,295 DEBUG   HandlerThread:29949 [handler.py:handle_request():146] handle_request: internal_messages
2024-04-27 13:48:09,153 DEBUG   HandlerThread:29949 [handler.py:handle_request():146] handle_request: status_report
2024-04-27 13:48:11,116 DEBUG   HandlerThread:29949 [handler.py:handle_request():146] handle_request: keepalive
2024-04-27 13:48:14,195 DEBUG   HandlerThread:29949 [handler.py:handle_request():146] handle_request: status_report
2024-04-27 13:48:16,164 DEBUG   HandlerThread:29949 [handler.py:handle_request():146] handle_request: keepalive
2024-04-27 13:48:19,211 DEBUG   HandlerThread:29949 [handler.py:handle_request():146] handle_request: status_report
2024-04-27 13:48:20,304 DEBUG   HandlerThread:29949 [handler.py:handle_request():146] handle_request: internal_messages
2024-04-27 13:48:20,410 DEBUG   SenderThread:29949 [sender.py:send():379] send: stats
2024-04-27 13:48:24,424 DEBUG   HandlerThread:29949 [handler.py:handle_request():146] handle_request: status_report
2024-04-27 13:48:26,289 DEBUG   HandlerThread:29949 [handler.py:handle_request():146] handle_request: keepalive
2024-04-27 13:48:29,436 DEBUG   HandlerThread:29949 [handler.py:handle_request():146] handle_request: status_report
2024-04-27 13:48:31,304 DEBUG   HandlerThread:29949 [handler.py:handle_request():146] handle_request: keepalive
2024-04-27 13:48:34,500 DEBUG   HandlerThread:29949 [handler.py:handle_request():146] handle_request: status_report
2024-04-27 13:48:35,314 DEBUG   HandlerThread:29949 [handler.py:handle_request():146] handle_request: internal_messages
2024-04-27 13:48:39,517 DEBUG   HandlerThread:29949 [handler.py:handle_request():146] handle_request: status_report
2024-04-27 13:48:40,328 DEBUG   HandlerThread:29949 [handler.py:handle_request():146] handle_request: keepalive
2024-04-27 13:48:44,534 DEBUG   HandlerThread:29949 [handler.py:handle_request():146] handle_request: status_report
2024-04-27 13:48:45,361 DEBUG   HandlerThread:29949 [handler.py:handle_request():146] handle_request: keepalive
2024-04-27 13:48:49,575 DEBUG   HandlerThread:29949 [handler.py:handle_request():146] handle_request: status_report
2024-04-27 13:48:50,316 DEBUG   HandlerThread:29949 [handler.py:handle_request():146] handle_request: internal_messages
2024-04-27 13:48:50,421 DEBUG   SenderThread:29949 [sender.py:send():379] send: stats
2024-04-27 13:48:55,414 DEBUG   HandlerThread:29949 [handler.py:handle_request():146] handle_request: keepalive
2024-04-27 13:48:55,432 DEBUG   HandlerThread:29949 [handler.py:handle_request():146] handle_request: status_report
2024-04-27 13:49:00,453 DEBUG   HandlerThread:29949 [handler.py:handle_request():146] handle_request: keepalive
2024-04-27 13:49:00,455 DEBUG   HandlerThread:29949 [handler.py:handle_request():146] handle_request: status_report
2024-04-27 13:49:05,324 DEBUG   HandlerThread:29949 [handler.py:handle_request():146] handle_request: internal_messages
2024-04-27 13:49:05,475 DEBUG   HandlerThread:29949 [handler.py:handle_request():146] handle_request: status_report
2024-04-27 13:49:10,523 DEBUG   HandlerThread:29949 [handler.py:handle_request():146] handle_request: status_report
2024-04-27 13:49:10,523 DEBUG   HandlerThread:29949 [handler.py:handle_request():146] handle_request: keepalive
2024-04-27 13:49:15,542 DEBUG   HandlerThread:29949 [handler.py:handle_request():146] handle_request: status_report
2024-04-27 13:49:15,542 DEBUG   HandlerThread:29949 [handler.py:handle_request():146] handle_request: keepalive
2024-04-27 13:49:20,323 DEBUG   HandlerThread:29949 [handler.py:handle_request():146] handle_request: internal_messages
2024-04-27 13:49:20,431 DEBUG   SenderThread:29949 [sender.py:send():379] send: stats
2024-04-27 13:49:21,457 DEBUG   HandlerThread:29949 [handler.py:handle_request():146] handle_request: status_report
2024-04-27 13:49:25,573 DEBUG   HandlerThread:29949 [handler.py:handle_request():146] handle_request: keepalive
2024-04-27 13:49:26,529 DEBUG   HandlerThread:29949 [handler.py:handle_request():146] handle_request: status_report
2024-04-27 13:49:30,599 DEBUG   HandlerThread:29949 [handler.py:handle_request():146] handle_request: keepalive
2024-04-27 13:49:31,594 DEBUG   HandlerThread:29949 [handler.py:handle_request():146] handle_request: status_report
2024-04-27 13:49:35,324 DEBUG   HandlerThread:29949 [handler.py:handle_request():146] handle_request: internal_messages
2024-04-27 13:49:36,618 DEBUG   HandlerThread:29949 [handler.py:handle_request():146] handle_request: status_report
2024-04-27 13:49:40,638 DEBUG   HandlerThread:29949 [handler.py:handle_request():146] handle_request: keepalive
2024-04-27 13:49:41,641 DEBUG   HandlerThread:29949 [handler.py:handle_request():146] handle_request: status_report
2024-04-27 13:49:45,647 DEBUG   HandlerThread:29949 [handler.py:handle_request():146] handle_request: keepalive
2024-04-27 13:49:46,665 DEBUG   HandlerThread:29949 [handler.py:handle_request():146] handle_request: status_report
2024-04-27 13:49:50,327 DEBUG   HandlerThread:29949 [handler.py:handle_request():146] handle_request: internal_messages
2024-04-27 13:49:50,433 DEBUG   SenderThread:29949 [sender.py:send():379] send: stats
2024-04-27 13:49:52,436 DEBUG   HandlerThread:29949 [handler.py:handle_request():146] handle_request: status_report
2024-04-27 13:49:57,590 DEBUG   HandlerThread:29949 [handler.py:handle_request():146] handle_request: status_report
2024-04-27 13:50:02,606 DEBUG   HandlerThread:29949 [handler.py:handle_request():146] handle_request: status_report
2024-04-27 13:50:07,639 DEBUG   HandlerThread:29949 [handler.py:handle_request():146] handle_request: status_report
2024-04-27 13:50:12,655 DEBUG   HandlerThread:29949 [handler.py:handle_request():146] handle_request: status_report
2024-04-27 13:50:17,808 DEBUG   HandlerThread:29949 [handler.py:handle_request():146] handle_request: status_report
2024-04-27 13:50:20,439 DEBUG   SenderThread:29949 [sender.py:send():379] send: stats
2024-04-27 13:50:23,466 DEBUG   HandlerThread:29949 [handler.py:handle_request():146] handle_request: status_report
2024-04-27 13:50:28,485 DEBUG   HandlerThread:29949 [handler.py:handle_request():146] handle_request: status_report
2024-04-27 13:50:33,507 DEBUG   HandlerThread:29949 [handler.py:handle_request():146] handle_request: status_report
2024-04-27 13:50:38,531 DEBUG   HandlerThread:29949 [handler.py:handle_request():146] handle_request: status_report
2024-04-27 13:50:43,548 DEBUG   HandlerThread:29949 [handler.py:handle_request():146] handle_request: status_report
2024-04-27 13:50:47,255 DEBUG   HandlerThread:29949 [handler.py:handle_request():146] handle_request: keepalive
2024-04-27 13:50:47,266 DEBUG   HandlerThread:29949 [handler.py:handle_request():146] handle_request: keepalive
2024-04-27 13:50:47,278 DEBUG   HandlerThread:29949 [handler.py:handle_request():146] handle_request: internal_messages
2024-04-27 13:50:49,318 DEBUG   HandlerThread:29949 [handler.py:handle_request():146] handle_request: status_report
2024-04-27 13:50:50,165 INFO    Thread-50 :29949 [dir_watcher.py:_on_file_modified():288] file/dir modified: /Users/jasonokoro/Desktop/proyectos/nerf/wandb/run-20240427_133540-59w8akx2/files/output.log
2024-04-27 13:50:50,441 DEBUG   SenderThread:29949 [sender.py:send():379] send: stats
2024-04-27 13:50:52,287 DEBUG   HandlerThread:29949 [handler.py:handle_request():146] handle_request: keepalive
2024-04-27 13:50:54,457 DEBUG   HandlerThread:29949 [handler.py:handle_request():146] handle_request: status_report
2024-04-27 13:50:57,306 DEBUG   HandlerThread:29949 [handler.py:handle_request():146] handle_request: keepalive
2024-04-27 13:50:59,584 DEBUG   HandlerThread:29949 [handler.py:handle_request():146] handle_request: status_report
2024-04-27 13:51:02,260 DEBUG   HandlerThread:29949 [handler.py:handle_request():146] handle_request: internal_messages
2024-04-27 13:51:04,599 DEBUG   HandlerThread:29949 [handler.py:handle_request():146] handle_request: status_report
2024-04-27 13:51:07,344 DEBUG   HandlerThread:29949 [handler.py:handle_request():146] handle_request: keepalive
2024-04-27 13:51:09,622 DEBUG   HandlerThread:29949 [handler.py:handle_request():146] handle_request: status_report
2024-04-27 13:51:12,362 DEBUG   HandlerThread:29949 [handler.py:handle_request():146] handle_request: keepalive
2024-04-27 13:51:14,638 DEBUG   HandlerThread:29949 [handler.py:handle_request():146] handle_request: status_report
2024-04-27 13:51:17,260 DEBUG   HandlerThread:29949 [handler.py:handle_request():146] handle_request: internal_messages
2024-04-27 13:51:19,659 DEBUG   HandlerThread:29949 [handler.py:handle_request():146] handle_request: status_report
2024-04-27 13:51:20,448 DEBUG   SenderThread:29949 [sender.py:send():379] send: stats
2024-04-27 13:51:22,408 DEBUG   HandlerThread:29949 [handler.py:handle_request():146] handle_request: keepalive
2024-04-27 13:51:24,602 DEBUG   SenderThread:29949 [sender.py:send():379] send: telemetry
2024-04-27 13:51:24,611 DEBUG   SenderThread:29949 [sender.py:send():379] send: exit
2024-04-27 13:51:24,611 INFO    SenderThread:29949 [sender.py:send_exit():586] handling exit code: 0
2024-04-27 13:51:24,611 INFO    SenderThread:29949 [sender.py:send_exit():588] handling runtime: 934
2024-04-27 13:51:24,612 INFO    SenderThread:29949 [sender.py:_save_file():1390] saving file wandb-summary.json with policy end
2024-04-27 13:51:24,613 INFO    SenderThread:29949 [sender.py:send_exit():594] send defer
2024-04-27 13:51:24,614 DEBUG   HandlerThread:29949 [handler.py:handle_request():146] handle_request: defer
2024-04-27 13:51:24,614 INFO    HandlerThread:29949 [handler.py:handle_request_defer():172] handle defer: 0
2024-04-27 13:51:24,617 DEBUG   SenderThread:29949 [sender.py:send_request():406] send_request: defer
2024-04-27 13:51:24,617 INFO    SenderThread:29949 [sender.py:send_request_defer():610] handle sender defer: 0
2024-04-27 13:51:24,617 INFO    SenderThread:29949 [sender.py:transition_state():614] send defer: 1
2024-04-27 13:51:24,619 DEBUG   HandlerThread:29949 [handler.py:handle_request():146] handle_request: defer
2024-04-27 13:51:24,620 INFO    HandlerThread:29949 [handler.py:handle_request_defer():172] handle defer: 1
2024-04-27 13:51:24,621 DEBUG   SenderThread:29949 [sender.py:send_request():406] send_request: defer
2024-04-27 13:51:24,621 INFO    SenderThread:29949 [sender.py:send_request_defer():610] handle sender defer: 1
2024-04-27 13:51:24,621 INFO    SenderThread:29949 [sender.py:transition_state():614] send defer: 2
2024-04-27 13:51:24,621 DEBUG   HandlerThread:29949 [handler.py:handle_request():146] handle_request: defer
2024-04-27 13:51:24,621 INFO    HandlerThread:29949 [handler.py:handle_request_defer():172] handle defer: 2
2024-04-27 13:51:24,621 INFO    HandlerThread:29949 [system_monitor.py:finish():203] Stopping system monitor
2024-04-27 13:51:24,622 DEBUG   SystemMonitor:29949 [system_monitor.py:_start():179] Finished system metrics aggregation loop
2024-04-27 13:51:24,622 DEBUG   SystemMonitor:29949 [system_monitor.py:_start():183] Publishing last batch of metrics
2024-04-27 13:51:24,625 INFO    HandlerThread:29949 [interfaces.py:finish():202] Joined cpu monitor
2024-04-27 13:51:24,627 INFO    HandlerThread:29949 [interfaces.py:finish():202] Joined disk monitor
2024-04-27 13:51:24,627 INFO    HandlerThread:29949 [interfaces.py:finish():202] Joined memory monitor
2024-04-27 13:51:24,627 INFO    HandlerThread:29949 [interfaces.py:finish():202] Joined network monitor
2024-04-27 13:51:24,628 DEBUG   SenderThread:29949 [sender.py:send_request():406] send_request: defer
2024-04-27 13:51:24,629 INFO    SenderThread:29949 [sender.py:send_request_defer():610] handle sender defer: 2
2024-04-27 13:51:24,629 INFO    SenderThread:29949 [sender.py:transition_state():614] send defer: 3
2024-04-27 13:51:24,629 DEBUG   SenderThread:29949 [sender.py:send():379] send: stats
2024-04-27 13:51:24,630 DEBUG   HandlerThread:29949 [handler.py:handle_request():146] handle_request: defer
2024-04-27 13:51:24,631 INFO    HandlerThread:29949 [handler.py:handle_request_defer():172] handle defer: 3
2024-04-27 13:51:24,632 DEBUG   SenderThread:29949 [sender.py:send_request():406] send_request: defer
2024-04-27 13:51:24,633 INFO    SenderThread:29949 [sender.py:send_request_defer():610] handle sender defer: 3
2024-04-27 13:51:24,633 INFO    SenderThread:29949 [sender.py:transition_state():614] send defer: 4
2024-04-27 13:51:24,633 DEBUG   HandlerThread:29949 [handler.py:handle_request():146] handle_request: defer
2024-04-27 13:51:24,633 INFO    HandlerThread:29949 [handler.py:handle_request_defer():172] handle defer: 4
2024-04-27 13:51:24,634 DEBUG   SenderThread:29949 [sender.py:send_request():406] send_request: defer
2024-04-27 13:51:24,635 INFO    SenderThread:29949 [sender.py:send_request_defer():610] handle sender defer: 4
2024-04-27 13:51:24,635 INFO    SenderThread:29949 [sender.py:transition_state():614] send defer: 5
2024-04-27 13:51:24,635 DEBUG   HandlerThread:29949 [handler.py:handle_request():146] handle_request: defer
2024-04-27 13:51:24,635 INFO    HandlerThread:29949 [handler.py:handle_request_defer():172] handle defer: 5
2024-04-27 13:51:24,636 DEBUG   SenderThread:29949 [sender.py:send():379] send: summary
2024-04-27 13:51:24,637 INFO    SenderThread:29949 [sender.py:_save_file():1390] saving file wandb-summary.json with policy end
2024-04-27 13:51:24,637 DEBUG   SenderThread:29949 [sender.py:send_request():406] send_request: defer
2024-04-27 13:51:24,637 INFO    SenderThread:29949 [sender.py:send_request_defer():610] handle sender defer: 5
2024-04-27 13:51:24,637 INFO    SenderThread:29949 [sender.py:transition_state():614] send defer: 6
2024-04-27 13:51:24,637 DEBUG   HandlerThread:29949 [handler.py:handle_request():146] handle_request: defer
2024-04-27 13:51:24,638 INFO    HandlerThread:29949 [handler.py:handle_request_defer():172] handle defer: 6
2024-04-27 13:51:24,638 DEBUG   SenderThread:29949 [sender.py:send_request():406] send_request: defer
2024-04-27 13:51:24,638 INFO    SenderThread:29949 [sender.py:send_request_defer():610] handle sender defer: 6
2024-04-27 13:51:24,644 DEBUG   HandlerThread:29949 [handler.py:handle_request():146] handle_request: status_report
2024-04-27 13:51:25,305 INFO    Thread-50 :29949 [dir_watcher.py:_on_file_created():271] file/dir created: /Users/jasonokoro/Desktop/proyectos/nerf/wandb/run-20240427_133540-59w8akx2/files/wandb-summary.json
2024-04-27 13:51:25,619 DEBUG   HandlerThread:29949 [handler.py:handle_request():146] handle_request: poll_exit
2024-04-27 13:51:26,037 INFO    SenderThread:29949 [sender.py:transition_state():614] send defer: 7
2024-04-27 13:51:26,038 DEBUG   SenderThread:29949 [sender.py:send_request():406] send_request: poll_exit
2024-04-27 13:51:26,038 DEBUG   HandlerThread:29949 [handler.py:handle_request():146] handle_request: defer
2024-04-27 13:51:26,039 INFO    HandlerThread:29949 [handler.py:handle_request_defer():172] handle defer: 7
2024-04-27 13:51:26,040 DEBUG   SenderThread:29949 [sender.py:send_request():406] send_request: defer
2024-04-27 13:51:26,042 INFO    SenderThread:29949 [sender.py:send_request_defer():610] handle sender defer: 7
2024-04-27 13:51:26,306 INFO    Thread-50 :29949 [dir_watcher.py:_on_file_modified():288] file/dir modified: /Users/jasonokoro/Desktop/proyectos/nerf/wandb/run-20240427_133540-59w8akx2/files/config.yaml
2024-04-27 13:51:26,620 DEBUG   HandlerThread:29949 [handler.py:handle_request():146] handle_request: poll_exit
2024-04-27 13:51:27,297 INFO    SenderThread:29949 [sender.py:transition_state():614] send defer: 8
2024-04-27 13:51:27,298 DEBUG   SenderThread:29949 [sender.py:send_request():406] send_request: poll_exit
2024-04-27 13:51:27,298 DEBUG   HandlerThread:29949 [handler.py:handle_request():146] handle_request: defer
2024-04-27 13:51:27,298 INFO    HandlerThread:29949 [handler.py:handle_request_defer():172] handle defer: 8
2024-04-27 13:51:27,299 DEBUG   SenderThread:29949 [sender.py:send_request():406] send_request: defer
2024-04-27 13:51:27,299 INFO    SenderThread:29949 [sender.py:send_request_defer():610] handle sender defer: 8
2024-04-27 13:51:27,299 INFO    SenderThread:29949 [job_builder.py:build():318] Attempting to build job artifact
2024-04-27 13:51:27,301 INFO    SenderThread:29949 [job_builder.py:_get_source_type():455] is repo sourced job
2024-04-27 13:51:27,302 INFO    SenderThread:29949 [job_builder.py:_get_program_relpath():473] run is notebook based run
2024-04-27 13:51:27,316 INFO    SenderThread:29949 [job_builder.py:build():431] adding wandb-job metadata file
2024-04-27 13:51:27,319 INFO    Thread-50 :29949 [dir_watcher.py:_on_file_modified():288] file/dir modified: /Users/jasonokoro/Desktop/proyectos/nerf/wandb/run-20240427_133540-59w8akx2/files/output.log
2024-04-27 13:51:27,328 INFO    SenderThread:29949 [sender.py:transition_state():614] send defer: 9
2024-04-27 13:51:27,329 DEBUG   HandlerThread:29949 [handler.py:handle_request():146] handle_request: defer
2024-04-27 13:51:27,329 DEBUG   SenderThread:29949 [sender.py:send():379] send: artifact
2024-04-27 13:51:27,329 INFO    HandlerThread:29949 [handler.py:handle_request_defer():172] handle defer: 9
2024-04-27 13:51:27,625 DEBUG   HandlerThread:29949 [handler.py:handle_request():146] handle_request: poll_exit
2024-04-27 13:51:28,071 INFO    wandb-upload_1:29949 [upload_job.py:push():86] Skipped uploading /var/folders/j4/g3mlkbs977gfqcs4f6j710j80000gp/T/tmpxzxg7ali/wandb-job.json
2024-04-27 13:51:28,511 INFO    wandb-upload_0:29949 [upload_job.py:push():89] Uploaded file /Users/jasonokoro/Library/Application Support/wandb/artifacts/staging/tmpnqsfe6pa
2024-04-27 13:51:29,277 INFO    SenderThread:29949 [sender.py:send_artifact():1468] sent artifact job-https___github.com_jokoro_nerf.git_nerf.ipynb - {'id': 'QXJ0aWZhY3Q6ODEzMTM2NTYy', 'state': 'PENDING', 'artifactSequence': {'id': 'QXJ0aWZhY3RDb2xsZWN0aW9uOjE2NzM4MjA1Mg==', 'latestArtifact': {'id': 'QXJ0aWZhY3Q6ODEzMDgzOTk5', 'versionIndex': 1}}}
2024-04-27 13:51:29,277 DEBUG   SenderThread:29949 [sender.py:send_request():406] send_request: defer
2024-04-27 13:51:29,277 INFO    SenderThread:29949 [sender.py:send_request_defer():610] handle sender defer: 9
2024-04-27 13:51:29,277 INFO    SenderThread:29949 [dir_watcher.py:finish():358] shutting down directory watcher
2024-04-27 13:51:29,353 INFO    SenderThread:29949 [dir_watcher.py:finish():388] scan: /Users/jasonokoro/Desktop/proyectos/nerf/wandb/run-20240427_133540-59w8akx2/files
2024-04-27 13:51:29,354 INFO    SenderThread:29949 [dir_watcher.py:finish():402] scan save: /Users/jasonokoro/Desktop/proyectos/nerf/wandb/run-20240427_133540-59w8akx2/files/requirements.txt requirements.txt
2024-04-27 13:51:29,354 INFO    SenderThread:29949 [dir_watcher.py:finish():402] scan save: /Users/jasonokoro/Desktop/proyectos/nerf/wandb/run-20240427_133540-59w8akx2/files/output.log output.log
2024-04-27 13:51:29,355 INFO    SenderThread:29949 [dir_watcher.py:finish():402] scan save: /Users/jasonokoro/Desktop/proyectos/nerf/wandb/run-20240427_133540-59w8akx2/files/config.yaml config.yaml
2024-04-27 13:51:29,355 INFO    SenderThread:29949 [dir_watcher.py:finish():402] scan save: /Users/jasonokoro/Desktop/proyectos/nerf/wandb/run-20240427_133540-59w8akx2/files/wandb-summary.json wandb-summary.json
2024-04-27 13:51:29,355 INFO    SenderThread:29949 [dir_watcher.py:finish():402] scan save: /Users/jasonokoro/Desktop/proyectos/nerf/wandb/run-20240427_133540-59w8akx2/files/conda-environment.yaml conda-environment.yaml
2024-04-27 13:51:29,355 INFO    SenderThread:29949 [dir_watcher.py:finish():402] scan save: /Users/jasonokoro/Desktop/proyectos/nerf/wandb/run-20240427_133540-59w8akx2/files/wandb-metadata.json wandb-metadata.json
2024-04-27 13:51:29,355 INFO    SenderThread:29949 [sender.py:transition_state():614] send defer: 10
2024-04-27 13:51:29,355 DEBUG   SenderThread:29949 [sender.py:send_request():406] send_request: poll_exit
2024-04-27 13:51:29,360 DEBUG   HandlerThread:29949 [handler.py:handle_request():146] handle_request: defer
2024-04-27 13:51:29,361 INFO    HandlerThread:29949 [handler.py:handle_request_defer():172] handle defer: 10
2024-04-27 13:51:29,392 DEBUG   SenderThread:29949 [sender.py:send_request():406] send_request: defer
2024-04-27 13:51:29,392 INFO    SenderThread:29949 [sender.py:send_request_defer():610] handle sender defer: 10
2024-04-27 13:51:29,392 INFO    SenderThread:29949 [file_pusher.py:finish():172] shutting down file pusher
2024-04-27 13:51:29,679 DEBUG   HandlerThread:29949 [handler.py:handle_request():146] handle_request: poll_exit
2024-04-27 13:51:29,680 DEBUG   SenderThread:29949 [sender.py:send_request():406] send_request: poll_exit
2024-04-27 13:51:29,817 INFO    wandb-upload_0:29949 [upload_job.py:push():131] Uploaded file /Users/jasonokoro/Desktop/proyectos/nerf/wandb/run-20240427_133540-59w8akx2/files/output.log
2024-04-27 13:51:30,081 INFO    wandb-upload_2:29949 [upload_job.py:push():131] Uploaded file /Users/jasonokoro/Desktop/proyectos/nerf/wandb/run-20240427_133540-59w8akx2/files/config.yaml
2024-04-27 13:51:30,084 INFO    wandb-upload_3:29949 [upload_job.py:push():131] Uploaded file /Users/jasonokoro/Desktop/proyectos/nerf/wandb/run-20240427_133540-59w8akx2/files/wandb-summary.json
2024-04-27 13:51:30,105 INFO    wandb-upload_4:29949 [upload_job.py:push():131] Uploaded file /Users/jasonokoro/Desktop/proyectos/nerf/wandb/run-20240427_133540-59w8akx2/files/conda-environment.yaml
2024-04-27 13:51:30,951 INFO    wandb-upload_1:29949 [upload_job.py:push():131] Uploaded file /Users/jasonokoro/Desktop/proyectos/nerf/wandb/run-20240427_133540-59w8akx2/files/requirements.txt
2024-04-27 13:51:31,155 INFO    Thread-49 (_thread_body):29949 [sender.py:transition_state():614] send defer: 11
2024-04-27 13:51:31,157 DEBUG   HandlerThread:29949 [handler.py:handle_request():146] handle_request: defer
2024-04-27 13:51:31,157 INFO    HandlerThread:29949 [handler.py:handle_request_defer():172] handle defer: 11
2024-04-27 13:51:31,157 DEBUG   SenderThread:29949 [sender.py:send_request():406] send_request: defer
2024-04-27 13:51:31,158 INFO    SenderThread:29949 [sender.py:send_request_defer():610] handle sender defer: 11
2024-04-27 13:51:31,158 INFO    SenderThread:29949 [file_pusher.py:join():178] waiting for file pusher
2024-04-27 13:51:31,158 INFO    SenderThread:29949 [sender.py:transition_state():614] send defer: 12
2024-04-27 13:51:31,159 DEBUG   HandlerThread:29949 [handler.py:handle_request():146] handle_request: defer
2024-04-27 13:51:31,159 INFO    HandlerThread:29949 [handler.py:handle_request_defer():172] handle defer: 12
2024-04-27 13:51:31,159 DEBUG   HandlerThread:29949 [handler.py:handle_request():146] handle_request: status_report
2024-04-27 13:51:31,159 DEBUG   SenderThread:29949 [sender.py:send_request():406] send_request: defer
2024-04-27 13:51:31,160 INFO    SenderThread:29949 [sender.py:send_request_defer():610] handle sender defer: 12
2024-04-27 13:51:31,160 INFO    SenderThread:29949 [file_stream.py:finish():614] file stream finish called
2024-04-27 13:51:31,522 INFO    SenderThread:29949 [file_stream.py:finish():618] file stream finish is done
2024-04-27 13:51:31,523 INFO    SenderThread:29949 [sender.py:transition_state():614] send defer: 13
2024-04-27 13:51:31,524 DEBUG   HandlerThread:29949 [handler.py:handle_request():146] handle_request: defer
2024-04-27 13:51:31,524 INFO    HandlerThread:29949 [handler.py:handle_request_defer():172] handle defer: 13
2024-04-27 13:51:31,524 DEBUG   SenderThread:29949 [sender.py:send_request():406] send_request: defer
2024-04-27 13:51:31,524 INFO    SenderThread:29949 [sender.py:send_request_defer():610] handle sender defer: 13
2024-04-27 13:51:31,525 INFO    SenderThread:29949 [sender.py:transition_state():614] send defer: 14
2024-04-27 13:51:31,525 DEBUG   HandlerThread:29949 [handler.py:handle_request():146] handle_request: defer
2024-04-27 13:51:31,526 INFO    HandlerThread:29949 [handler.py:handle_request_defer():172] handle defer: 14
2024-04-27 13:51:31,526 DEBUG   SenderThread:29949 [sender.py:send():379] send: final
2024-04-27 13:51:31,527 DEBUG   SenderThread:29949 [sender.py:send():379] send: footer
2024-04-27 13:51:31,527 DEBUG   SenderThread:29949 [sender.py:send_request():406] send_request: defer
2024-04-27 13:51:31,527 INFO    SenderThread:29949 [sender.py:send_request_defer():610] handle sender defer: 14
2024-04-27 13:51:36,549 DEBUG   HandlerThread:29949 [handler.py:handle_request():146] handle_request: status_report
2024-04-27 13:51:41,585 DEBUG   HandlerThread:29949 [handler.py:handle_request():146] handle_request: status_report
2024-04-27 13:51:46,598 DEBUG   HandlerThread:29949 [handler.py:handle_request():146] handle_request: status_report
2024-04-27 13:51:51,617 DEBUG   HandlerThread:29949 [handler.py:handle_request():146] handle_request: status_report
2024-04-27 13:51:56,631 DEBUG   HandlerThread:29949 [handler.py:handle_request():146] handle_request: status_report
2024-04-27 13:52:01,646 DEBUG   HandlerThread:29949 [handler.py:handle_request():146] handle_request: status_report
2024-04-27 13:52:06,660 DEBUG   HandlerThread:29949 [handler.py:handle_request():146] handle_request: status_report
2024-04-27 13:52:11,678 DEBUG   HandlerThread:29949 [handler.py:handle_request():146] handle_request: status_report
2024-04-27 13:52:16,700 DEBUG   HandlerThread:29949 [handler.py:handle_request():146] handle_request: status_report
2024-04-27 13:52:21,717 DEBUG   HandlerThread:29949 [handler.py:handle_request():146] handle_request: status_report
2024-04-27 13:52:26,736 DEBUG   HandlerThread:29949 [handler.py:handle_request():146] handle_request: status_report
2024-04-27 13:52:31,751 DEBUG   HandlerThread:29949 [handler.py:handle_request():146] handle_request: status_report
2024-04-27 13:52:36,762 DEBUG   HandlerThread:29949 [handler.py:handle_request():146] handle_request: status_report
2024-04-27 13:52:41,779 DEBUG   HandlerThread:29949 [handler.py:handle_request():146] handle_request: status_report
2024-04-27 13:52:46,791 DEBUG   HandlerThread:29949 [handler.py:handle_request():146] handle_request: status_report
2024-04-27 13:52:51,809 DEBUG   HandlerThread:29949 [handler.py:handle_request():146] handle_request: status_report
2024-04-27 13:52:56,829 DEBUG   HandlerThread:29949 [handler.py:handle_request():146] handle_request: status_report
2024-04-27 13:53:01,841 DEBUG   HandlerThread:29949 [handler.py:handle_request():146] handle_request: status_report
2024-04-27 13:53:06,859 DEBUG   HandlerThread:29949 [handler.py:handle_request():146] handle_request: status_report
2024-04-27 13:53:11,881 DEBUG   HandlerThread:29949 [handler.py:handle_request():146] handle_request: status_report
2024-04-27 13:53:16,904 DEBUG   HandlerThread:29949 [handler.py:handle_request():146] handle_request: status_report
2024-04-27 13:53:21,923 DEBUG   HandlerThread:29949 [handler.py:handle_request():146] handle_request: status_report
2024-04-27 13:53:26,943 DEBUG   HandlerThread:29949 [handler.py:handle_request():146] handle_request: status_report
2024-04-27 13:53:31,957 DEBUG   HandlerThread:29949 [handler.py:handle_request():146] handle_request: status_report
2024-04-27 13:53:36,973 DEBUG   HandlerThread:29949 [handler.py:handle_request():146] handle_request: status_report
2024-04-27 13:53:41,991 DEBUG   HandlerThread:29949 [handler.py:handle_request():146] handle_request: status_report
2024-04-27 13:53:47,005 DEBUG   HandlerThread:29949 [handler.py:handle_request():146] handle_request: status_report
2024-04-27 13:53:52,024 DEBUG   HandlerThread:29949 [handler.py:handle_request():146] handle_request: status_report
